<?xml version="1.0" encoding="UTF-8"?>
<Site BuildName="Generic-ninja"
	BuildStamp="20250418-0333-Experimental"
	Name="user"
	Generator="ctest-3.25.1"
	CompilerName="/home/user/.espressif/tools/xtensa-esp-elf/esp-13.2.0_20230928/xtensa-esp-elf/bin/xtensa-esp32-elf-g++"
	CompilerVersion="13.2.0"
	OSName="Linux"
	Hostname="user"
	OSRelease="6.8.0-57-generic"
	OSVersion="#59~22.04.1-Ubuntu SMP PREEMPT_DYNAMIC Wed Mar 19 17:07:41 UTC 2"
	OSPlatform="x86_64"
	Is64Bits="1"
	VendorString="GenuineIntel"
	VendorID="Intel Corporation"
	FamilyID="6"
	ModelID="141"
	ProcessorCacheSize="24576"
	NumberOfLogicalCPU="16"
	NumberOfPhysicalCPU="8"
	TotalVirtualMemory="19529"
	TotalPhysicalMemory="15768"
	LogicalProcessorsPerPhysical="2"
	ProcessorClockFrequency="4199.96"
	>
	<Testing>
		<StartDateTime>Apr 18 03:31 -03</StartDateTime>
		<StartTestTime>1744957887</StartTestTime>
		<TestList/>
		<EndDateTime>Apr 18 03:31 -03</EndDateTime>
		<EndTestTime>1744957887</EndTestTime>
		<ElapsedMinutes>0</ElapsedMinutes>
	</Testing>
</Site>
